"../../../Engine/Content/EditorResources/S_Actor.uasset" 0
"../../../Engine/Content/EngineResources/AICON-Red.uasset" 1
"../../../Engine/Content/EngineResources/AICON-Green.uasset" 2
"../../../Engine/Content/EngineFonts/Roboto.uasset" 3
"../../../Engine/Content/Functions/Engine_MaterialFunctions01/Shading/PowerToRoughness.uasset" 4
"../../../Engine/Content/Functions/Engine_MaterialFunctions01/Shading/ConvertFromDiffSpec.uasset" 5
"../../../Engine/Content/EngineMaterials/DefaultDiffuse.uasset" 6
"../../../Engine/Content/EngineMaterials/DefaultDeferredDecalMaterial.uasset" 7
"../../../Engine/Content/EngineMaterials/DefaultLightFunctionMaterial.uasset" 8
"../../../Engine/Content/Functions/Engine_MaterialFunctions02/Utility/BreakOutFloat2Components.uasset" 9
"../../../Engine/Content/EngineMaterials/DefaultPostProcessMaterial.uasset" 10
"../../../Engine/Content/EngineResources/DefaultTexture.uasset" 11
"../../../Engine/Content/Functions/Engine_MaterialFunctions01/Texturing/ScaleUVsByCenter.uasset" 12
"../../../Engine/Content/Functions/Engine_MaterialFunctions02/ScreenResolution.uasset" 13
"../../../Engine/Content/Functions/Engine_MaterialFunctions02/Texturing/ScreenAlignedUVs.uasset" 14
"../../../Engine/Content/EngineResources/WhiteSquareTexture.uasset" 15
"../../../Engine/Content/EngineMaterials/Widget3DPassThrough.uasset" 16
"../../../Engine/Content/EngineMaterials/Widget3DPassThrough_Translucent.uasset" 17
"../../../Engine/Content/EngineMaterials/Widget3DPassThrough_Translucent_OneSided.uasset" 18
"../../../Engine/Content/EngineMaterials/Widget3DPassThrough_Opaque.uasset" 19
"../../../Engine/Content/EngineMaterials/Widget3DPassThrough_Opaque_OneSided.uasset" 20
"../../../Engine/Content/EngineMaterials/Widget3DPassThrough_Masked.uasset" 21
"../../../Engine/Content/EngineMaterials/Widget3DPassThrough_Masked_OneSided.uasset" 22
"../../../Engine/Content/Maps/Templates/Thumbnails/Default.uasset" 23
"../../../Engine/Content/Maps/Templates/Thumbnails/VR-Basic.uasset" 24
"../../../Engine/Content/EditorMaterials/ParticleSystems/PSysThumbnail_NoImage.uasset" 25
"../../../Engine/Content/EditorMaterials/ParticleSystems/PSysThumbnail_OOD.uasset" 26
"../../../Engine/Content/EditorLandscapeResources/DataLayer.uasset" 27
"../../../Engine/Content/EngineDamageTypes/DmgTypeBP_Environmental.uasset" 28
"../../../Engine/Content/EngineMeshes/Sphere.uasset" 29
"../../../Engine/Content/EngineFonts/RobotoDistanceField.uasset" 30
"../../../Engine/Content/EngineMaterials/DefaultTextMaterialOpaque.uasset" 31
"../../../Engine/Content/EditorResources/S_Trigger.uasset" 32
"../../../Engine/Content/EngineResources/GradientTexture0.uasset" 33
"../../../Engine/Content/EngineResources/Black.uasset" 34
"../../../Engine/Content/EditorMaterials/MatineeGroups/MAT_Groups_Float.uasset" 35
"../../../Engine/Content/EditorMaterials/MatineeGroups/MAT_Groups_Director.uasset" 36
"../../../Engine/Content/EditorMaterials/MatineeGroups/MAT_Groups_Event.uasset" 37
"../../../Engine/Content/EditorMaterials/MatineeGroups/MAT_Groups_Anim.uasset" 38
"../../../Engine/Content/EditorMaterials/MatineeGroups/MAT_Groups_Fade.uasset" 39
"../../../Engine/Content/EditorMaterials/MatineeGroups/MAT_Groups_Move.uasset" 40
"../../../Engine/Content/EditorMaterials/MatineeGroups/MAT_Groups_Slomo.uasset" 41
"../../../Engine/Content/EditorMaterials/MatineeGroups/MAT_ColorTrack.uasset" 42
"../../../Engine/Content/EditorMaterials/MAT_Groups_Toggle.uasset" 43
"../../../Engine/Content/EditorMaterials/MatineeGroups/MAT_Groups_AudioMaster.uasset" 44
"../../../Engine/Content/EditorMaterials/MatineeGroups/MAT_Groups_Sound.uasset" 45
"../../../Engine/Content/EditorMaterials/MatineeGroups/MAT_Groups_Vector.uasset" 46
"../../../Engine/Content/EditorMaterials/MAT_Groups_Visibility.uasset" 47
"../../../Engine/Content/EngineResources/DefaultTextureCube.uasset" 48
"../../../Engine/Content/Functions/Engine_MaterialFunctions01/Opacity/CameraDepthFade.uasset" 49
"../../../Engine/Content/EngineMaterials/T_Default_Material_Grid_M.uasset" 50
"../../../Engine/Content/EngineMaterials/T_Default_Material_Grid_N.uasset" 51
"../../../Engine/Content/EngineMaterials/DefaultMaterial.uasset" 52
"../../../Engine/Content/EngineMeshes/Cylinder.uasset" 53
"../../../Engine/Content/EngineTireTypes/DefaultTireType.uasset" 54
"../../../Engine/Content/EditorMaterials/Camera/CineMat.uasset" 55
"../../../Engine/Content/EditorMaterials/Camera/MI_CineMat_Rig.uasset" 56
"../../../Engine/Content/EditorMeshes/Camera/SM_CraneRig_Base.uasset" 57
"../../../Engine/Content/EditorMeshes/Camera/SM_CraneRig_Arm.uasset" 58
"../../../Engine/Content/EditorMeshes/Camera/SM_CraneRig_Mount.uasset" 59
"../../../Engine/Content/EditorMeshes/Camera/SM_CraneRig_Body.uasset" 60
"../../../Engine/Content/EditorMeshes/Camera/SM_RailRig_Track.uasset" 61
"../../../Engine/Content/EditorMeshes/Camera/SM_RailRig_Mount.uasset" 62
"../../../Engine/Content/VREditor/LaserPointer/VR_LaserPower_01.uasset" 63
"../../../Engine/Content/VREditor/TransformGizmo/TransformGizmoMaterial.uasset" 64
"../../../Engine/Content/VREditor/TransformGizmo/TranslucentTransformGizmoMaterial.uasset" 65
"../../../Engine/Content/VREditor/TransformGizmo/TranslationHandle.uasset" 66
"../../../Engine/Content/VREditor/TransformGizmo/PlaneTranslationHandle.uasset" 67
"../../../Engine/Content/VREditor/TransformGizmo/RotationHandle.uasset" 68
"../../../Engine/Content/VREditor/TransformGizmo/StretchingHandle.uasset" 69
"../../../Engine/Content/VREditor/TransformGizmo/BoundingBoxCorner.uasset" 70
"../../../Engine/Content/VREditor/TransformGizmo/BoundingBoxEdge.uasset" 71
"../../../Engine/Content/VREditor/TransformGizmo/UniformScaleHandle.uasset" 72
"../../../Engine/Content/VREditor/FloatingText/LineMaterial.uasset" 73
"../../../Engine/Content/VREditor/FloatingText/LineSegmentCylinder.uasset" 74
"../../../Engine/Content/VREditor/FloatingText/JointSphere.uasset" 75
"../../../Engine/Content/VREditor/Fonts/VRText_RobotoLarge.uasset" 76
"../../../Engine/Content/VREditor/Fonts/VRTextMaterial.uasset" 77
"../../../Engine/Content/VREditor/Fonts/TranslucentVRTextMaterial.uasset" 78
"../../../Engine/Content/VREditor/UI/SelectionBarMesh.uasset" 79
"../../../Engine/Content/VREditor/UI/CloseButtonMesh.uasset" 80
"../../../Engine/Content/Tutorial/Basics/LevelEditorAttract.uasset" 81
"../../../Engine/Content/Tutorial/Basics/TutorialAssets/icon_tab_Levels_40x.uasset" 82
"../../../Engine/Content/Tutorial/Basics/LevelEditorOverview.uasset" 83
"../../../Engine/Content/Tutorial/ContentIntroCurve.uasset" 84
"../../../Engine/Plugins/2D/Paper2D/Content/PlaceholderTextures/DummySpriteTexture.uasset" 85
"../../../Engine/Plugins/2D/Paper2D/Content/DefaultSpriteMaterial.uasset" 86
"../../../Engine/Plugins/2D/Paper2D/Content/MaskedUnlitSpriteMaterial.uasset" 87
"../../../Engine/Plugins/2D/Paper2D/Content/OpaqueUnlitSpriteMaterial.uasset" 88
"../../../Engine/Plugins/2D/Paper2D/Content/DummySprite.uasset" 89
"../../../Engine/Plugins/2D/Paper2D/Content/DefaultPaperTerrainMaterial.uasset" 90
"../../../Engine/Content/MobileResources/HUD/MobileHUDButton1_on.uasset" 91
"../../../Engine/Content/MobileResources/HUD/MobileHUDButton3.uasset" 92
"../../../Engine/Content/MobileResources/HUD/MobileHUDButtonFire.uasset" 93
"../../../VIM/Content/Mannequin/Character/Mesh/UE4_Mannequin_Skeleton.uasset" 94
"../../../VIM/Content/Mannequin/Animations/ThirdPerson_Jump.uasset" 95
"../../../VIM/Content/Mannequin/Animations/ThirdPersonJump_Loop.uasset" 96
"../../../VIM/Content/Mannequin/Animations/ThirdPersonJump_Start.uasset" 97
"../../../VIM/Content/Mannequin/Animations/ThirdPersonIdle.uasset" 98
"../../../VIM/Content/Mannequin/Animations/ThirdPersonRun.uasset" 99
"../../../VIM/Content/Mannequin/Animations/ThirdPersonWalk.uasset" 100
"../../../VIM/Content/Mannequin/Animations/ThirdPerson_IdleRun_2D.uasset" 101
"../../../Engine/Content/EditorBlueprintResources/StandardMacros.uasset" 102
"../../../VIM/Content/Mannequin/Animations/ThirdPerson_AnimBP.uasset" 103
"../../../Engine/Content/MobileResources/HUD/AnalogHat.uasset" 104
"../../../VIM/Content/VIM/Blueprints/M_Cursor_Decal.uasset" 105
"../../../Engine/Content/Functions/Engine_MaterialFunctions02/Utility/BlendAngleCorrectedNormals.uasset" 106
"../../../Engine/Content/Functions/MaterialLayerFunctions/MatLayerBlend_NormalBlend.uasset" 107
"../../../Engine/Content/Functions/MaterialLayerFunctions/MatLayerBlend_Simple.uasset" 108
"../../../VIM/Content/Mannequin/Character/Materials/MaterialLayers/T_ML_Rubber_Blue_01_D.uasset" 109
"../../../VIM/Content/Mannequin/Character/Materials/MaterialLayers/T_ML_Rubber_Blue_01_N.uasset" 110
"../../../VIM/Content/Mannequin/Character/Materials/MaterialLayers/ML_GlossyBlack_Latex_UE4.uasset" 111
"../../../VIM/Content/Mannequin/Character/Materials/MaterialLayers/ML_Plastic_Shiny_Beige.uasset" 112
"../../../VIM/Content/Mannequin/Character/Textures/UE4_LOGO_CARD.uasset" 113
"../../../VIM/Content/Mannequin/Character/Materials/MaterialLayers/ML_Plastic_Shiny_Beige_LOGO.uasset" 114
"../../../VIM/Content/Mannequin/Character/Materials/MaterialLayers/T_ML_Aluminum01.uasset" 115
"../../../VIM/Content/Mannequin/Character/Materials/MaterialLayers/T_ML_Aluminum01_N.uasset" 116
"../../../VIM/Content/Mannequin/Character/Materials/MaterialLayers/ML_SoftMetal_UE4.uasset" 117
"../../../VIM/Content/Mannequin/Character/Textures/UE4_Mannequin__normals.uasset" 118
"../../../VIM/Content/Mannequin/Character/Textures/UE4_Mannequin_MAT_MASKA.uasset" 119
"../../../VIM/Content/Mannequin/Character/Materials/M_UE4Man_Body.uasset" 120
"../../../VIM/Content/Mannequin/Character/Textures/UE4Man_Logo_N.uasset" 121
"../../../VIM/Content/Mannequin/Character/Materials/M_UE4Man_ChestLogo.uasset" 122
"../../../VIM/Content/Mannequin/Character/Mesh/SK_Mannequin_PhysicsAsset.uasset" 123
"../../../VIM/Content/Mannequin/Character/Mesh/SK_Mannequin.uasset" 124
"../../../VIM/Content/VIM/Blueprints/PlayerCharacter.uasset" 125
"../../../Engine/Content/EngineMaterials/RemoveSurfaceMaterial.uasset" 126
"../../../Engine/Content/EngineDebugMaterials/DebugMeshMaterial.uasset" 127
"../../../Engine/Content/EngineMaterials/InvalidLightmapSettings.uasset" 128
"../../../Engine/Content/EngineMaterials/M_InvalidLightmapSettings.uasset" 129
"../../../Engine/Content/EditorMaterials/GizmoMaterial.uasset" 130
"../../../Engine/Content/EngineMaterials/Good64x64TilingNoiseHighFreq.uasset" 131
"../../../Engine/Content/EngineMaterials/DefaultBokeh.uasset" 132
"../../../Engine/Content/EngineMaterials/PreintegratedSkinBRDF.uasset" 133
"../../../Engine/Content/EngineMaterials/MiniFont.uasset" 134
"../../../Engine/Content/EngineMaterials/WeightMapPlaceholderTexture.uasset" 135
"../../../Engine/Content/EngineMaterials/DefaultWhiteGrid.uasset" 136
"../../../Engine/Content/EngineMaterials/DefaultPhysicalMaterial.uasset" 137
"../../../Engine/Content/EngineFonts/RobotoTiny.uasset" 138
"../../../Engine/Content/EditorSounds/Notifications/CompileSuccess.uasset" 139
"../../../Engine/Content/EditorSounds/Notifications/CompileStart_Cue.uasset" 140
"../../../Engine/Content/EditorSounds/Notifications/CompileSuccess_Cue.uasset" 141
"../../../Engine/Content/EditorSounds/Notifications/CompileFailed.uasset" 142
"../../../Engine/Content/EditorSounds/Notifications/CompileFailed_Cue.uasset" 143
"../../../Engine/Content/Functions/Engine_MaterialFunctions01/Gradient/LinearGradient.uasset" 144
"../../../Engine/Content/Functions/Engine_MaterialFunctions02/Utility/LinearSine.uasset" 145
"../../../VIM/Content/Weapons/Crosshairs/T_Crosshair_Horizontal_M.uasset" 146
"../../../VIM/Content/Weapons/Crosshairs/M_Crosshairs_MultiHolo_Charge.uasset" 147
"../../../Engine/Content/MobileResources/HUD/MobileHUDButton2_on.uasset" 148
"../../../Engine/Content/MobileResources/HUD/MobileHUDButton1_off.uasset" 149
"../../../Engine/Content/MobileResources/HUD/MobileHUDDirectionPad.uasset" 150
"../../../VIM/Content/Weapons/Crosshairs/M_Crosshairs_MultiHolo.uasset" 151
"../../../Engine/Content/MobileResources/HUD/VirtualJoystick_Background.uasset" 152
"../../../Engine/Content/MobileResources/HUD/VirtualJoystick_Thumb.uasset" 153
"../../../Engine/Content/MobileResources/HUD/DefaultVirtualJoysticks.uasset" 154
"../../../Engine/Content/MobileResources/HUD/LeftVirtualJoystickOnly.uasset" 155
"../../../Engine/Content/MobileResources/HUD/MobileHUDDirectionPad3.uasset" 156
"../../../Engine/Content/MobileResources/T_MobileControls_texture.uasset" 157
"../../../Engine/Content/MobileResources/T_MobileMenu2.uasset" 158
"../../../Engine/Content/MobileResources/HUD/T_Castle_ThumbstickInner.uasset" 159
"../../../VIM/Content/Weapons/Crosshairs/M_Crosshairs_MultiHolo_ChargeStaggered.uasset" 160
"../../../VIM/Content/Weapons/Crosshairs/T_Crosshair_Simple_M.uasset" 161
"../../../VIM/Content/Weapons/Crosshairs/M_Crosshairs_SimpleHolo.uasset" 162
"../../../Engine/Content/MobileResources/HUD/MobileHUDButton2_off.uasset" 163
"../../../Engine/Content/MobileResources/HUD/MobileHUDDirectionStick.uasset" 164
"../../../Engine/Content/MobileResources/HUD/T_Castle_ThumbstickOutter.uasset" 165
"../../../VIM/Content/Base/DmgType_InstantWeapon.uasset" 166
"../../../VIM/Content/Geometry/Meshes/CubeMaterial.uasset" 167
"../../../VIM/Content/Geometry/Meshes/TemplateFloor.uasset" 168
"../../../VIM/Content/VIM/Blueprints/VIMPlayerController_BP.uasset" 169
"../../../VIM/Content/VIM/Blueprints/MVIMGameMode_BP.uasset" 170
"../../../Engine/Content/MobileResources/HUD/MobileHUDDirectionPad2.uasset" 171
"../../../VIM/Content/VIM/TopDownOverview.uasset" 172
"../../../VIM/Content/Player/VPlayerCameraManager_BP.uasset" 173
"../../../VIM/Content/Sound/Items/Flashlight_Toggle.uasset" 174
"../../../VIM/Content/Sound/Items/Flashlight_Toggle_Cue.uasset" 175
"../../../VIM/Content/Sound/Attenuation/Weapon_Att.uasset" 176
"../../../VIM/Content/Sound/Weapons/SMG_Thompson/WPN_Thompson_Bullet_Eject_01.uasset" 177
"../../../VIM/Content/Sound/Weapons/SMG_Thompson/WPN_Thompson_Bullet_Eject_02.uasset" 178
"../../../VIM/Content/Sound/Weapons/SMG_Thompson/WPN_Thompson_Bullet_Eject_03.uasset" 179
"../../../VIM/Content/Sound/Weapons/SMG_Thompson/WPN_Thompson_Bullet_Eject_04.uasset" 180
"../../../VIM/Content/Sound/Weapons/SMG_Thompson/WPN_Thompson_Pin_01.uasset" 181
"../../../VIM/Content/Sound/Weapons/SMG_Thompson/WPN_Thompson_Pin_02.uasset" 182
"../../../VIM/Content/Sound/Weapons/SMG_Thompson/WPN_Thompson_Pin_03.uasset" 183
"../../../VIM/Content/Sound/Weapons/SMG_Thompson/WPN_Thompson_Shot_01.uasset" 184
"../../../VIM/Content/Sound/Weapons/SMG_Thompson/WPN_Thompson_Shot_02.uasset" 185
"../../../VIM/Content/Sound/Weapons/SMG_Thompson/WPN_Thompson_Shot_03.uasset" 186
"../../../VIM/Content/Sound/Weapons/SMG_Thompson/WPN_Thompson_Shot_04.uasset" 187
"../../../VIM/Content/Sound/Weapons/SMG_Thompson/WPN_Thompson_Shot_05.uasset" 188
"../../../VIM/Content/Sound/Weapons/SMG_Thompson/WPN_Thompson_Shot_06.uasset" 189
"../../../VIM/Content/Sound/Weapons/SMG_Thompson/WPN_Thompson_Thud_01.uasset" 190
"../../../VIM/Content/Sound/Weapons/SMG_Thompson/WPN_Thompson_Thud_02.uasset" 191
"../../../VIM/Content/Sound/Weapons/SMG_Thompson/WPN_Thompson_Thud_03.uasset" 192
"../../../VIM/Content/Sound/Weapons/SMG_Thompson/WPN_Thompson_Thud_04.uasset" 193
"../../../VIM/Content/Sound/Weapons/SMG_Thompson/WPN_Thompson_Thud_05.uasset" 194
"../../../VIM/Content/Sound/Weapons/SMG_Thompson/WPN_Thompson_Thud_06.uasset" 195
"../../../VIM/Content/Sound/Weapons/SMG_Thompson/WPN_Thompson_Trigger_01.uasset" 196
"../../../VIM/Content/Sound/Weapons/SMG_Thompson/WPN_Thompson_Trigger_02.uasset" 197
"../../../VIM/Content/Sound/Weapons/SMG_Thompson/WPN_Thompson_Trigger_03.uasset" 198
"../../../VIM/Content/Sound/Weapons/SMG_Thompson/WPN_Thompson_Trigger_04.uasset" 199
"../../../VIM/Content/Sound/Weapons/SMG_Thompson/Cue_Thompson_Shot.uasset" 200
"../../../VIM/Content/Weapons/M_RifleTracer_01.uasset" 201
"../../../VIM/Content/Weapons/P_RifleTracer_01.uasset" 202
"../../../VIM/Content/Effects/Textures/Water/T_Distortion_01.uasset" 203
"../../../VIM/Content/Effects/Textures/Weapon/T_bullet_hole_2.uasset" 204
"../../../VIM/Content/Effects/Materials/Weapon/M_Impact_Decal.uasset" 205
"../../../VIM/Content/Effects/Textures/LensFlare/Flare_02.uasset" 206
"../../../VIM/Content/Effects/Materials/LensFlare/M_LensFlare_02.uasset" 207
"../../../VIM/Content/Effects/Materials/Ramp/M_radial_ramp_soft.uasset" 208
"../../../VIM/Content/Effects/Textures/Smoke/T_Clouds_01.uasset" 209
"../../../VIM/Content/Effects/Textures/Smoke/T_SmokeBall_01_8_8.uasset" 210
"../../../VIM/Content/Effects/Materials/Smoke/M_ImpactSmoke.uasset" 211
"../../../VIM/Content/Effects/Textures/Water/T_Steam_02_Packed.uasset" 212
"../../../VIM/Content/Effects/Materials/Smoke/M_MuzzleSmokeDetail_GPU.uasset" 213
"../../../VIM/Content/Effects/Textures/Spark/T_SparkCore_2X2.uasset" 214
"../../../VIM/Content/Effects/materials/spark/M_spark_subUV.uasset" 215
"../../../VIM/Content/Effects/P_AssaultRifle_IH.uasset" 216
"../../../VIM/Content/Effects/Textures/T_blood_various.uasset" 217
"../../../VIM/Content/Effects/Textures/T_blood_various_N.uasset" 218
"../../../VIM/Content/Effects/Materials/Gameplay/M_impact_splash_subUV.uasset" 219
"../../../VIM/Content/Effects/P_body_bullet_impact.uasset" 220
"../../../VIM/Content/Effects/P_ZombieBody_Bullet_Impact.uasset" 221
"../../../VIM/Content/Sound/Attenuation/BodyMove_Att.uasset" 222
"../../../VIM/Content/Sound/Swish_PunchSwing01.uasset" 223
"../../../VIM/Content/Sound/Swish_PunchSwing02.uasset" 224
"../../../VIM/Content/Sound/Swish_PunchSwing03.uasset" 225
"../../../VIM/Content/Sound/Swish_PunchSwing04.uasset" 226
"../../../VIM/Content/Sound/Swish_PunchSwing_Cue.uasset" 227
"../../../VIM/Content/Weapons/RifleImpactEffects.uasset" 228
"../../../Engine/Content/Functions/Engine_MaterialFunctions02/Fresnel_Function.uasset" 229
"../../../VIM/Content/AIBluePrints/FollowerBlackBoard.uasset" 230
"../../../VIM/Content/AIBluePrints/AI_Character.uasset" 231
"../../../VIM/Content/AIBluePrints/AgroCheck.uasset" 232
"../../../VIM/Content/AIBluePrints/CloseEnough.uasset" 233
"../../../VIM/Content/AIBluePrints/RapidMoveTo.uasset" 234
"../../../VIM/Content/AIBluePrints/FollowerBT.uasset" 235
"../../../VIM/Content/AIBluePrints/Follower_AI_CON.uasset" 236
"../../../VIM/Content/AIBluePrints/AreCloseEnough.uasset" 237
"../../../VIM/Content/AIBluePrints/BasicAICharacter_BP.uasset" 238
"../../../VIM/Content/AIBluePrints/EnemyAI/EnemyBB.uasset" 239
"../../../VIM/Content/AIBluePrints/EnemyAI/EnemyBT.uasset" 240
"../../../VIM/Content/AIBluePrints/EnemyAI/EnemyAI_BP.uasset" 241
"../../../VIM/Content/AIBluePrints/EnemyAI/VIMMob_BP.uasset" 242
"../../../VIM/Content/Mannequin/Animations/Aim_Space_Hip.uasset" 243
"../../../VIM/Content/Mannequin/Animations/Aim_Space_Ironsights.uasset" 244
"../../../VIM/Content/Mannequin/Animations/Crouch_Walk_Bwd_Rifle_Hip2.uasset" 245
"../../../VIM/Content/Mannequin/Animations/Crouch_Walk_Fwd_Rifle_Hip2.uasset" 246
"../../../VIM/Content/Mannequin/Animations/Crouch_Walk_Lt_Rifle_Hip2.uasset" 247
"../../../VIM/Content/Mannequin/Animations/Crouch_Walk_Rt_Rifle_Hip2.uasset" 248
"../../../VIM/Content/Mannequin/Animations/BS_CrouchWalk.uasset" 249
"../../../VIM/Content/Mannequin/Animations/Jog_Bwd_Rifle2.uasset" 250
"../../../VIM/Content/Mannequin/Animations/Jog_Fwd_Rifle2.uasset" 251
"../../../VIM/Content/Mannequin/Animations/Jog_Lt_Rifle2.uasset" 252
"../../../VIM/Content/Mannequin/Animations/Jog_Rt_Rifle2.uasset" 253
"../../../VIM/Content/Mannequin/Animations/BS_Jog.uasset" 254
"../../../VIM/Content/Mannequin/Animations/Crouch_Idle_Rifle_Hip.uasset" 255
"../../../VIM/Content/Mannequin/Animations/Crouch_Idle_Rifle_Ironsights.uasset" 256
"../../../VIM/Content/Mannequin/Animations/Crouch_to_Stand_Rifle_Hip.uasset" 257
"../../../VIM/Content/Mannequin/Animations/Crouch_to_Stand_Rifle_Ironsights.uasset" 258
"../../../VIM/Content/Mannequin/Animations/Crouch_Walk_Bwd_Rifle_Hip.uasset" 259
"../../../VIM/Content/Mannequin/Animations/Crouch_Walk_Bwd_Rifle_Ironsights.uasset" 260
"../../../VIM/Content/Mannequin/Animations/Crouch_Walk_Fwd_Rifle_Hip.uasset" 261
"../../../VIM/Content/Mannequin/Animations/Crouch_Walk_Fwd_Rifle_Ironsights.uasset" 262
"../../../VIM/Content/Mannequin/Animations/Crouch_Walk_Lt_Rifle_Hip.uasset" 263
"../../../VIM/Content/Mannequin/Animations/Crouch_Walk_Lt_Rifle_Ironsights.uasset" 264
"../../../VIM/Content/Mannequin/Animations/Crouch_Walk_Rt_Rifle_Hip.uasset" 265
"../../../VIM/Content/Mannequin/Animations/Crouch_Walk_Rt_Rifle_Ironsights.uasset" 266
"../../../VIM/Content/Mannequin/Animations/Death_1.uasset" 267
"../../../VIM/Content/Mannequin/Animations/Death_2.uasset" 268
"../../../VIM/Content/Mannequin/Animations/Death_3.uasset" 269
"../../../VIM/Content/Mannequin/Animations/Death_Ironsights_1.uasset" 270
"../../../VIM/Content/Mannequin/Animations/Death_Ironsights_2.uasset" 271
"../../../VIM/Content/Mannequin/Animations/Equip_Pistol_Standing.uasset" 272
"../../../VIM/Content/Mannequin/Animations/Equip_Rifle_Standing.uasset" 273
"../../../VIM/Content/Mannequin/Animations/Fire_Rifle_Hip.uasset" 274
"../../../VIM/Content/Mannequin/Animations/Fire_Rifle_Ironsights.uasset" 275
"../../../VIM/Content/Mannequin/Animations/Fire_Shotgun_Hip.uasset" 276
"../../../VIM/Content/Mannequin/Animations/Fire_Shotgun_Ironsights.uasset" 277
"../../../VIM/Content/Mannequin/Animations/Hit_React_1.uasset" 278
"../../../VIM/Content/Mannequin/Animations/Hit_React_2.uasset" 279
"../../../VIM/Content/Mannequin/Animations/Hit_React_3.uasset" 280
"../../../VIM/Content/Mannequin/Animations/Hit_React_4.uasset" 281
"../../../VIM/Content/Mannequin/Animations/Idle_Pistol.uasset" 282
"../../../VIM/Content/Mannequin/Animations/Idle_Rifle_Hip.uasset" 283
"../../../VIM/Content/Mannequin/Animations/Idle_Rifle_Hip_Break1.uasset" 284
"../../../VIM/Content/Mannequin/Animations/Idle_Rifle_Hip_Break2.uasset" 285
"../../../VIM/Content/Mannequin/Animations/Idle_Rifle_Ironsights.uasset" 286
"../../../VIM/Content/Mannequin/Animations/Jog_Bwd_Rifle.uasset" 287
"../../../VIM/Content/Mannequin/Animations/Jog_Fwd_Rifle.uasset" 288
"../../../VIM/Content/Mannequin/Animations/Jog_Lt_Rifle.uasset" 289
"../../../VIM/Content/Mannequin/Animations/Jog_Rt_Rifle.uasset" 290
"../../../VIM/Content/Mannequin/Animations/Jump_From_Jog.uasset" 291
"../../../VIM/Content/Mannequin/Animations/Jump_From_Stand.uasset" 292
"../../../VIM/Content/Mannequin/Animations/Jump_From_Stand_Ironsights.uasset" 293
"../../../VIM/Content/Mannequin/Animations/Prone_Death_1.uasset" 294
"../../../VIM/Content/Mannequin/Animations/Prone_Death_2.uasset" 295
"../../../VIM/Content/Mannequin/Animations/Prone_Fire_1.uasset" 296
"../../../VIM/Content/Mannequin/Animations/Prone_Fire_2.uasset" 297
"../../../Engine/Content/BasicShapes/Cone.uasset" 298
"../../../Engine/Content/EngineMaterials/WorldGridMaterial.uasset" 299
"../../../Engine/Content/BasicShapes/Cube.uasset" 300
"../../../Engine/Content/BasicShapes/Cylinder.uasset" 301
"../../../Engine/Content/BasicShapes/Sphere.uasset" 302
"../../../Engine/Content/EditorMaterials/PhAT_JointLimitMaterial.uasset" 303
"../../../Engine/Content/EditorMaterials/PreviewShadowIndicator.uasset" 304
"../../../Engine/Content/EditorMaterials/PreviewShadowIndicatorMaterial.uasset" 305
"../../../Engine/Content/EditorMeshes/ColorCalibrator/M_ChromeBall.uasset" 306
"../../../Engine/Content/EditorMeshes/ColorCalibrator/M_ClearCoat.uasset" 307
"../../../Engine/Content/EditorMeshes/ColorCalibrator/M_ClearCoatBlack.uasset" 308
"../../../Engine/Content/EditorMeshes/ColorCalibrator/T_ColorGrid.uasset" 309
"../../../Engine/Content/EditorMeshes/ColorCalibrator/M_ColorGrid.uasset" 310
"../../../Engine/Content/EditorMeshes/ColorCalibrator/M_GreyBall.uasset" 311
"../../../Engine/Content/EditorMeshes/ColorCalibrator/SM_ColorCalibrator.uasset" 312
"../../../Engine/Content/EditorResources/BSPVertex.uasset" 313
"../../../Engine/Content/EditorResources/EmptyActor.uasset" 314
"../../../Engine/Content/EditorResources/AudioIcons/S_AudioComponent.uasset" 315
"../../../Engine/Content/EngineDebugMaterials/HeatmapGradient.uasset" 316
"../../../Engine/Content/EngineDebugMaterials/BoneWeightMaterial.uasset" 317
"../../../Engine/Content/EngineDebugMaterials/GeomMaterial.uasset" 318
"../../../Engine/Content/EngineMaterials/EditorBrushMaterial.uasset" 319
"../../../Engine/Content/Tutorial/BlueprintTutorials/TutorialAssets/Blueprint_64x.uasset" 320
"../../../Engine/Content/Tutorial/BlueprintTutorials/BlueprintEditorTutorial.uasset" 321
"../../../Engine/Content/Tutorial/BlueprintTutorials/TutorialAssets/BlueprintInterface_64x.uasset" 322
"../../../Engine/Content/Tutorial/BlueprintTutorials/BlueprintInterfacesEditorOverview.uasset" 323
"../../../Engine/Content/Tutorial/BlueprintTutorials/TutorialAssets/BlueprintMacroLibrary_64x.uasset" 324
"../../../Engine/Content/Tutorial/BlueprintTutorials/BlueprintMacroLibrariesEditorOverview.uasset" 325
"../../../Engine/Content/Tutorial/BlueprintTutorials/LevelBlueprintEditorOverview.uasset" 326
"../../../Engine/Content/Tutorial/Foliage/TutorialAssets/Foliage.uasset" 327
"../../../Engine/Content/Tutorial/Foliage/Foliage_Intro_Tutorial.uasset" 328
"../../../Engine/Content/Tutorial/Paper2D/TutorialAssets/Paper2DFlipbook_TutorialIcon.uasset" 329
"../../../Engine/Content/Tutorial/Paper2D/FlipbookEditorTutorial.uasset" 330
"../../../Engine/Content/Tutorial/Paper2D/TutorialAssets/Paper2DSprite_TutorialIcon.uasset" 331
"../../../Engine/Content/Tutorial/Paper2D/SpriteEditorTutorial.uasset" 332
"../../../Engine/Content/Tutorial/SubEditors/DestructibleMeshEditorTutorial.uasset" 333
"../../../Engine/Content/Tutorial/SubEditors/MaterialEditorTutorial.uasset" 334
"../../../Engine/Content/Tutorial/SubEditors/ParticleSystemEditorTutorial.uasset" 335
"../../../Engine/Content/Tutorial/SubEditors/TutorialAssets/icon_ShowSkeletalMeshes_40x.uasset" 336
"../../../Engine/Content/Tutorial/SubEditors/PersonaAnimEditorWalkthrough.uasset" 337
"../../../Engine/Content/Tutorial/SubEditors/StaticMeshEditorTutorial.uasset" 338
"../../../Engine/Content/Tutorial/SubEditors/TutorialAssets/icon_Editor_Preferences_General_40x.uasset" 339
"../../../VIM/Content/Mannequin/Animations/Prone_Idle.uasset" 340
"../../../VIM/Content/Mannequin/Animations/Prone_Reload_Rifle.uasset" 341
"../../../VIM/Content/Mannequin/Animations/Prone_Reload_Shotgun.uasset" 342
"../../../VIM/Content/Mannequin/Animations/Prone_To_Stand.uasset" 343
"../../../VIM/Content/Mannequin/Animations/Reload_Pistol.uasset" 344
"../../../VIM/Content/Mannequin/Animations/Reload_Rifle_Hip.uasset" 345
"../../../VIM/Content/Mannequin/Animations/Reload_Rifle_Ironsights.uasset" 346
"../../../VIM/Content/Mannequin/Animations/Reload_Shotgun_Hip.uasset" 347
"../../../VIM/Content/Mannequin/Animations/Reload_Shotgun_Ironsights.uasset" 348
"../../../VIM/Content/Mannequin/Animations/Sprint_Fwd_Rifle.uasset" 349
"../../../VIM/Content/Mannequin/Animations/Stand_to_Crouch_Rifle_Hip.uasset" 350
"../../../VIM/Content/Mannequin/Animations/Stand_to_Crouch_Rifle_Ironsights.uasset" 351
"../../../VIM/Content/Mannequin/Animations/Stand_To_Prone.uasset" 352
"../../../VIM/Content/Mannequin/Animations/ThirdPersonJump_End.uasset" 353
"../../../VIM/Content/Mannequin/Animations/Walk_Bwd_Rifle_Ironsights.uasset" 354
"../../../VIM/Content/Mannequin/Animations/Walk_Fwd_Rifle_Ironsights.uasset" 355
"../../../VIM/Content/Mannequin/Animations/Walk_Lt_Rifle_Ironsights.uasset" 356
"../../../VIM/Content/Mannequin/Animations/Walk_Rt_Rifle_Ironsights.uasset" 357
"../../../VIM/Content/UI/ethnocentric_rg.uasset" 358
"../../../VIM/Content/UI/TemporaryStartPage.uasset" 359
"../../../VIM/Content/UI/Main_Menu_BP.uasset" 360
"../../../VIM/Content/VIM/Maps/MainMenu.umap" 361
"../../../VIM/Content/EBotBhaviourType.uasset" 362
"../../../VIM/Content/AIBluePrints/VAI/VAIBB.uasset" 363
"../../../VIM/Content/AIBluePrints/VAI/VAIBT.uasset" 364
"../../../VIM/Content/AIBluePrints/VAI/VAIController_BP.uasset" 365
"../../../VIM/Content/Base/PhysMat_PlayerBody.uasset" 366
"../../../VIM/Content/AIBluePrints/VAI/VAICharacter_BP.uasset" 367
"../../../VIM/Content/Effects/Textures/LensFlare/T_Lensflare_01.uasset" 368
"../../../VIM/Content/Effects/Materials/LensFlare/M_Lensflare_01.uasset" 369
"../../../Engine/Content/Functions/Engine_MaterialFunctions01/Gradient/RadialGradient.uasset" 370
"../../../VIM/Content/Effects/Materials/Ramp/M_SoftGradient_Muzzle.uasset" 371
"../../../VIM/Content/Effects/Materials/Smoke/M_SmokeBall.uasset" 372
"../../../VIM/Content/Effects/Textures/Weapon/T_muzzle_flashes.uasset" 373
"../../../VIM/Content/Effects/Materials/Weapon/M_muzzle_flash_subUV.uasset" 374
"../../../VIM/Content/Effects/Textures/Mask/T_SquareMaskTightEdge.uasset" 375
"../../../VIM/Content/Effects/Textures/Noise/T_TileNoise.uasset" 376
"../../../VIM/Content/Effects/Materials/Weapon/M_MuzzleGlow.uasset" 377
"../../../VIM/Content/Effects/Meshes/Weapon/SM_MuzzleCone.uasset" 378
"../../../VIM/Content/Effects/P_AssaultRifle_MF.uasset" 379
"../../../VIM/Content/Sound/Weapons/Mono/Weapon_AssaultRifle_Swap01.uasset" 380
"../../../VIM/Content/Sound/Weapons/Mono/Weapon_AssaultRifle_Swap02.uasset" 381
"../../../VIM/Content/Sound/Weapons/Mono/Weapon_AssaultRifle_Swap03.uasset" 382
"../../../VIM/Content/Sound/Weapons/AssaultRifle_Equip_Cue.uasset" 383
"../../../VIM/Content/Sound/Weapons/Weapon_AssaultRifle_Reload.uasset" 384
"../../../VIM/Content/Sound/Weapons/AssaultRifle_Reload_Cue.uasset" 385
"../../../VIM/Content/Weapons/Crosshairs/T_Crosshair_Scanline_M.uasset" 386
"../../../VIM/Content/Weapons/Crosshairs/M_Crosshairs_MultiHolo_Scanline.uasset" 387
"../../../Engine/Content/Functions/Engine_MaterialFunctions01/Texturing/FlattenNormal.uasset" 388
"../../../Engine/Content/Functions/MaterialLayerFunctions/MatLayerBlend_BakedNormal.uasset" 389
"../../../Engine/Content/Functions/MaterialLayerFunctions/MatLayerBlend_Decal.uasset" 390
"../../../Engine/Content/Functions/MaterialLayerFunctions/MatLayerBlend_RoughnessOverride.uasset" 391
"../../../Engine/Content/Functions/MaterialLayerFunctions/MatLayerBlend_Standard.uasset" 392
"../../../Engine/Content/Functions/MaterialLayerFunctions/MatLayerBlend_TintAllChannels.uasset" 393
"../../../VIM/Content/Weapons/MaterialLayers/ML_BoltMetal.uasset" 394
"../../../VIM/Content/Weapons/MaterialLayers/T_ExampleLayers_Metal02_N.uasset" 395
"../../../VIM/Content/Weapons/Textures/Chr_FPS_Metal_02.uasset" 396
"../../../VIM/Content/Weapons/MaterialLayers/ML_Metal_Copper.uasset" 397
"../../../VIM/Content/Weapons/MaterialLayers/T_Metal_Metal02_D.uasset" 398
"../../../VIM/Content/Weapons/MaterialLayers/ML_Metal_Gray.uasset" 399
"../../../VIM/Content/Weapons/MaterialLayers/T_PaintedMetal01_N.uasset" 400
"../../../VIM/Content/Weapons/MaterialLayers/T_PaintedMetal02.uasset" 401
"../../../VIM/Content/Weapons/MaterialLayers/ML_Paint.uasset" 402
"../../../VIM/Content/Weapons/MaterialLayers/T_Rubber.uasset" 403
"../../../VIM/Content/Weapons/MaterialLayers/ML_Rubber.uasset" 404
"../../../VIM/Content/Weapons/Textures/MagGun_01_N.uasset" 405
"../../../VIM/Content/Weapons/Textures/MagGun_Decals.uasset" 406
"../../../VIM/Content/Weapons/Textures/MagGunT1_section.uasset" 407
"../../../VIM/Content/Weapons/Textures/MagGunT1_shade.uasset" 408
"../../../VIM/Content/Weapons/Materials/MagGun_MatA.uasset" 409
"../../../VIM/Content/Weapons/Materials/MagGun_MatA_Inst3.uasset" 410
"../../../Engine/Content/Functions/MaterialLayerFunctions/MatLayerBlend_Emissive.uasset" 411
"../../../VIM/Content/Weapons/Textures/MagGun_02_N.uasset" 412
"../../../VIM/Content/Weapons/Textures/MagGun_Display_EM.uasset" 413
"../../../VIM/Content/Weapons/Textures/MagGunT2_section.uasset" 414
"../../../VIM/Content/Weapons/Textures/MagGunT2_shade.uasset" 415
"../../../VIM/Content/Weapons/Materials/MagGun_MatB.uasset" 416
"../../../VIM/Content/Weapons/Materials/MagGun_MatB_Inst2.uasset" 417
"../../../VIM/Content/Weapons/SK_Rifle_Skeleton.uasset" 418
"../../../VIM/Content/Weapons/SK_Rifle.uasset" 419
"../../../VIM/Content/Weapons/AssaultRifle.uasset" 420
"../../../VIM/Content/Items/Meshes/SM_Rifle.uasset" 421
"../../../VIM/Content/Blueprints/AssaultRiflePickup.uasset" 422
"../../../Engine/Content/EngineSky/C_Sky_Cloud_Color.uasset" 423
"../../../Engine/Content/EngineSky/C_Sky_Horizon_Color.uasset" 424
"../../../Engine/Content/EngineSky/C_Sky_Zenith_Color.uasset" 425
"../../../Engine/Content/EngineSky/T_Sky_Blue.uasset" 426
"../../../Engine/Content/EngineSky/T_Sky_Clouds_M.uasset" 427
"../../../Engine/Content/EngineSky/T_Sky_Stars.uasset" 428
"../../../Engine/Content/EngineSky/M_Sky_Panning_Clouds2.uasset" 429
"../../../Engine/Content/EngineSky/SM_SkySphere.uasset" 430
"../../../Engine/Content/EngineSky/BP_Sky_Sphere.uasset" 431
"../../../VIM/Content/Player/VPlayerController_BP.uasset" 432
"../../../VIM/Content/VIM/Blueprints/EnemyAI.uasset" 433
"../../../VIM/Content/VGameMode_BP.uasset" 434
"../../../VIM/Content/Geometry/Meshes/1M_Cube.uasset" 435
"../../../VIM/Content/Geometry/Meshes/1M_Cube_Chamfer.uasset" 436
"../../../VIM/Content/Player/VCharacter_BP.uasset" 437
"../../../VIM/Content/UI/HUD.uasset" 438
"../../../VIM/Content/VIM/Maps/TopDownExampleMap.umap" 439
"../../../Engine/Content/EngineMaterials/DefaultNormal.uasset" 440
"../../../Engine/Content/Maps/Entry.umap" 441
